<?xml version="1.0" encoding="UTF-8"?>
<!-- Generated by org.testng.reporters.JUnitXMLReporter -->
<testsuite hostname="Matti-PC" ignored="0" name="Default test" tests="3" failures="0" timestamp="16 May 2019 16:56:43 GMT" time="0.094" errors="0">
  <testcase name="validateStudentDetail" time="0.015" classname="com.testng.DataProviderTestWithIterator"/>
  <testcase name="validateStudentDetail" time="0.002" classname="com.testng.DataProviderTestWithIterator"/>
  <testcase name="validateStudentDetail" time="0.0" classname="com.testng.DataProviderTestWithIterator"/>
</testsuite> <!-- Default test -->
