<?xml version="1.0" encoding="UTF-8"?>
<testng-results skipped="0" failed="0" ignored="0" total="3" passed="3">
  <reporter-output>
  </reporter-output>
  <suite name="Default suite" duration-ms="94" started-at="2019-05-16T16:56:43Z" finished-at="2019-05-16T16:56:43Z">
    <groups>
    </groups>
    <test name="Default test" duration-ms="94" started-at="2019-05-16T16:56:43Z" finished-at="2019-05-16T16:56:43Z">
      <class name="com.testng.DataProviderTestWithIterator">
        <test-method status="PASS" signature="validateStudentDetail(com.testng.Student)[pri:0, instance:com.testng.DataProviderTestWithIterator@1d057a39]" name="validateStudentDetail" duration-ms="15" started-at="2019-05-16T12:56:43Z" data-provider="studentDetail" finished-at="2019-05-16T12:56:43Z">
          <params>
            <param index="0">
              <value>
                <![CDATA[com.testng.Student@6c3708b3]]>
              </value>
            </param>
          </params>
          <reporter-output>
          </reporter-output>
        </test-method> <!-- validateStudentDetail -->
        <test-method status="PASS" signature="validateStudentDetail(com.testng.Student)[pri:0, instance:com.testng.DataProviderTestWithIterator@1d057a39]" name="validateStudentDetail" duration-ms="2" started-at="2019-05-16T12:56:43Z" data-provider="studentDetail" finished-at="2019-05-16T12:56:43Z">
          <params>
            <param index="0">
              <value>
                <![CDATA[com.testng.Student@6e0e048a]]>
              </value>
            </param>
          </params>
          <reporter-output>
          </reporter-output>
        </test-method> <!-- validateStudentDetail -->
        <test-method status="PASS" signature="validateStudentDetail(com.testng.Student)[pri:0, instance:com.testng.DataProviderTestWithIterator@1d057a39]" name="validateStudentDetail" duration-ms="0" started-at="2019-05-16T12:56:43Z" data-provider="studentDetail" finished-at="2019-05-16T12:56:43Z">
          <params>
            <param index="0">
              <value>
                <![CDATA[com.testng.Student@23e028a9]]>
              </value>
            </param>
          </params>
          <reporter-output>
          </reporter-output>
        </test-method> <!-- validateStudentDetail -->
      </class> <!-- com.testng.DataProviderTestWithIterator -->
    </test> <!-- Default test -->
  </suite> <!-- Default suite -->
</testng-results>
