<?xml version="1.0" encoding="UTF-8"?>
<!-- Generated by org.testng.reporters.JUnitXMLReporter -->
<testsuite hostname="Matti-PC" ignored="0" name="crm page main test" tests="5" failures="0" timestamp="06 May 2019 11:29:44 GMT" time="61.759" errors="0">
  <testcase name="validatePageTitle" time="0.539" classname="com.crm.test.FeaturesPageTest"/>
  <testcase name="validatePageTitle" time="0.318" classname="com.crm.test.PricingPageTest"/>
  <testcase name="validateFeaturesLinkTest" time="3.591" classname="com.crm.test.RegistrationPageTest"/>
  <testcase name="validatePricingLinkTest" time="1.711" classname="com.crm.test.RegistrationPageTest"/>
  <testcase name="validateRegistrationPageTitle" time="0.009" classname="com.crm.test.RegistrationPageTest"/>
</testsuite> <!-- crm page main test -->
