<?xml version="1.0" encoding="UTF-8"?>
<!-- Generated by org.testng.reporters.JUnitXMLReporter -->
<testsuite hostname="Matti-PC" ignored="0" name="crm registration page title test" tests="3" failures="0" timestamp="06 May 2019 11:29:27 GMT" time="44.869" errors="0">
  <testcase name="validateFeaturesLinkTest" time="4.788" classname="com.crm.test.RegistrationPageTest"/>
  <testcase name="validatePricingLinkTest" time="3.069" classname="com.crm.test.RegistrationPageTest"/>
  <testcase name="validateRegistrationPageTitle" time="0.048" classname="com.crm.test.RegistrationPageTest"/>
</testsuite> <!-- crm registration page title test -->
