<?xml version="1.0" encoding="UTF-8"?>
<!-- Generated by org.testng.reporters.JUnitXMLReporter -->
<testsuite hostname="Matti-PC" ignored="0" name="crm page  test" tests="5" failures="0" timestamp="21 Apr 2019 16:43:41 GMT" time="32.944" errors="0">
  <testcase name="validatePageTitle" time="0.204" classname="com.crm.test.PricingPageTest"/>
  <testcase name="validatePageTitle" time="0.029" classname="com.crm.test.FeaturesPageTest"/>
  <testcase name="validateFeaturesLinkTest" time="4.763" classname="com.crm.test.RegistrationPageTest"/>
  <testcase name="validatePricingLinkTest" time="2.049" classname="com.crm.test.RegistrationPageTest"/>
  <testcase name="validateRegistrationPageTitle" time="0.012" classname="com.crm.test.RegistrationPageTest"/>
</testsuite> <!-- crm page  test -->
